<?xml version="1.0" encoding="UTF-8"?>
<testsuite name="com.example.inmask.shared.AndroidGreetingTest" tests="1" skipped="0" failures="0" errors="0" timestamp="2021-01-16T20:58:12" hostname="MACHINE" time="0.018">
  <properties/>
  <testcase name="testExample" classname="com.example.inmask.shared.AndroidGreetingTest" time="0.018"/>
  <system-out><![CDATA[]]></system-out>
  <system-err><![CDATA[]]></system-err>
</testsuite>
